<?xml version="1.0" encoding="UTF-8"?>
<!-- Generated by org.testng.reporters.JUnitReportReporter -->
<testsuite hostname="Swagatika" failures="0" tests="4" name="api.test.UserTests2" time="5.053" errors="0" timestamp="2024-07-17T05:24:32 GMT-05:00" skipped="0">
  <testcase classname="api.test.UserTests2" name="testPostUser" time="3.596"/>
  <system-out/>
  <testcase classname="api.test.UserTests2" name="testGetUserByName" time="0.380"/>
  <system-out/>
  <testcase classname="api.test.UserTests2" name="testUpdateUserByName" time="0.786"/>
  <system-out/>
  <testcase classname="api.test.UserTests2" name="deleteUserByName" time="0.291"/>
  <system-out/>
</testsuite> <!-- api.test.UserTests2 -->
