<?xml version="1.0" encoding="UTF-8"?>
<!-- Generated by org.testng.reporters.JUnitReportReporter -->
<testsuite hostname="Swagatika" failures="0" tests="4" name="api.test.UserTests" time="4.940" errors="0" timestamp="2024-07-17T06:56:27 GMT-05:00" skipped="0">
  <testcase classname="api.test.UserTests" name="testPostUser" time="3.299"/>
  <system-out/>
  <testcase classname="api.test.UserTests" name="testGetUserByName" time="0.358"/>
  <system-out/>
  <testcase classname="api.test.UserTests" name="testUpdateUserByName" time="0.876"/>
  <system-out/>
  <testcase classname="api.test.UserTests" name="deleteUserByName" time="0.407"/>
  <system-out/>
</testsuite> <!-- api.test.UserTests -->
