<?xml version="1.0" encoding="UTF-8"?>
<!-- Generated by org.testng.reporters.JUnitReportReporter -->
<testsuite hostname="Swagatika" failures="0" tests="4" name="api.test.UserTests" time="4.375" errors="0" timestamp="2024-07-17T06:11:27 GMT-05:00" skipped="0">
  <testcase classname="api.test.UserTests" name="testPostUser" time="2.980"/>
  <system-out/>
  <testcase classname="api.test.UserTests" name="testGetUserByName" time="0.372"/>
  <system-out/>
  <testcase classname="api.test.UserTests" name="testUpdateUserByName" time="0.675"/>
  <system-out/>
  <testcase classname="api.test.UserTests" name="deleteUserByName" time="0.348"/>
  <system-out/>
</testsuite> <!-- api.test.UserTests -->
